> Task :checkKotlinGradlePluginConfigurationErrors

> Task :compileKotlin
e: file:///D:/Varun/Github/SenseDev/src/main/kotlin/ui/components/SettingsDialog.kt:185:53 Unresolved reference: selectedModel
e: file:///D:/Varun/Github/SenseDev/src/main/kotlin/ui/components/SettingsDialog.kt:284:51 Unresolved reference: selectedModel

> Task :compileKotlin FAILED

FAILURE: Build failed with an exception.

* What went wrong:
Execution failed for task ':compileKotlin'.
> A failure occurred while executing org.jetbrains.kotlin.compilerRunner.GradleCompilerRunnerWithWorkers$GradleKotlinCompilerWorkAction
   > Compilation error. See log for more details

* Try:
> Run with --stacktrace option to get the stack trace.
> Run with --info or --debug option to get more log output.
> Run with --scan to get full insights.
> Get more help at https://help.gradle.org.

BUILD FAILED in 7s
2 actionable tasks: 2 executed
